Using pre-set license
Built from '2020.3/staging' branch; Version is '2020.3.4f1 (0abb6314276a) revision 703331'; Using compiler version '192528614'; Build Type 'Release'
OS: 'Windows 10 Home; OS build 19044.1586; Version 2009; 64bit' Language: 'en' Physical Memory: 16322 MB
BatchMode: 1, IsHumanControllingUs: 0, StartBugReporterOnCrash: 0, Is64bit: 1, IsPro: 0

 COMMAND LINE ARGUMENTS:
C:\Program Files\Unity\Hub\Editor\2020.3.4f1\Editor\Unity.exe
-adb2
-batchMode
-noUpm
-name
AssetImportWorker0
-projectPath
C:/Users/Natalie/Documents/GitHub/unity_transistormuseum/transistormuseum
-logFile
Logs/AssetImportWorker0.log
-srvPort
60933
Successfully changed project path to: C:/Users/Natalie/Documents/GitHub/unity_transistormuseum/transistormuseum
C:/Users/Natalie/Documents/GitHub/unity_transistormuseum/transistormuseum
Using Asset Import Pipeline V2.
Refreshing native plugins compatible for Editor in 74.59 ms, found 0 plugins.
Preloading 0 native plugins for Editor in 0.00 ms.
Initialize engine version: 2020.3.4f1 (0abb6314276a)
[Subsystems] Discovering subsystems at path C:/Program Files/Unity/Hub/Editor/2020.3.4f1/Editor/Data/Resources/UnitySubsystems
[Subsystems] Discovering subsystems at path C:/Users/Natalie/Documents/GitHub/unity_transistormuseum/transistormuseum/Assets
GfxDevice: creating device client; threaded=0
Direct3D:
    Version:  Direct3D 11.0 [level 11.0]
    Renderer: NVIDIA GeForce GTX 770 (ID=0x1184)
    Vendor:   
    VRAM:     2007 MB
    Driver:   27.21.14.5671
Shader 'Universal Render Pipeline/Particles/Lit': fallback shader 'Universal Render Pipeline/Particles/SimpleLit' not found
Initialize mono
Mono path[0] = 'C:/Program Files/Unity/Hub/Editor/2020.3.4f1/Editor/Data/Managed'
Mono path[1] = 'C:/Program Files/Unity/Hub/Editor/2020.3.4f1/Editor/Data/MonoBleedingEdge/lib/mono/unityjit'
Mono config path = 'C:/Program Files/Unity/Hub/Editor/2020.3.4f1/Editor/Data/MonoBleedingEdge/etc'
Using monoOptions --debugger-agent=transport=dt_socket,embedding=1,server=y,suspend=n,address=127.0.0.1:56448
Begin MonoManager ReloadAssembly
Registering precompiled unity dll's ...
Register platform support module: C:/Program Files/Unity/Hub/Editor/2020.3.4f1/Editor/Data/PlaybackEngines/WebGLSupport/UnityEditor.WebGL.Extensions.dll
Register platform support module: C:/Program Files/Unity/Hub/Editor/2020.3.4f1/Editor/Data/PlaybackEngines/WindowsStandaloneSupport/UnityEditor.WindowsStandalone.Extensions.dll
Registered in 0.004387 seconds.
Native extension for WindowsStandalone target not found
Native extension for WebGL target not found
Refreshing native plugins compatible for Editor in 63.47 ms, found 0 plugins.
Preloading 0 native plugins for Editor in 0.00 ms.
Mono: successfully reloaded assembly
- Completed reload, in  1.419 seconds
Platform modules already initialized, skipping
Registering precompiled user dll's ...
Registered in 0.004880 seconds.
Begin MonoManager ReloadAssembly
Native extension for WindowsStandalone target not found
Native extension for WebGL target not found
Refreshing native plugins compatible for Editor in 63.46 ms, found 0 plugins.
Preloading 0 native plugins for Editor in 0.00 ms.
Mono: successfully reloaded assembly
- Completed reload, in  1.135 seconds
Platform modules already initialized, skipping
========================================================================
Worker process is ready to serve import requests
Shader 'Universal Render Pipeline/Particles/Lit': fallback shader 'Universal Render Pipeline/Particles/SimpleLit' not found
Launched and connected shader compiler UnityShaderCompiler.exe after 0.04 seconds
Refreshing native plugins compatible for Editor in 0.64 ms, found 0 plugins.
Preloading 0 native plugins for Editor in 0.00 ms.
Unloading 2736 Unused Serialized files (Serialized files now loaded: 0)
System memory in use before: 132.6 MB.
System memory in use after: 132.8 MB.

Unloading 34 unused Assets to reduce memory usage. Loaded Objects now: 3172.
Total: 2.335100 ms (FindLiveObjects: 0.297500 ms CreateObjectMapping: 0.121700 ms MarkObjects: 1.819000 ms  DeleteObjects: 0.095900 ms)

========================================================================
Received Import Request.
  path: Assets/scenes/scene00 1.unity
  artifactKey: Guid(a31b9b6978620aa4283158fe0e29bd6f) Importer(815301076,1909f56bfc062723c751e8b465ee728b)
Start importing Assets/scenes/scene00 1.unity using Guid(a31b9b6978620aa4283158fe0e29bd6f) Importer(815301076,1909f56bfc062723c751e8b465ee728b)  -> (artifact id: '7321a03d29e4377a24bd579563b86f72') in 0.018045 seconds
  Import took 0.022928 seconds .

========================================================================
Received Import Request.
  Time since last request: 5.533626 seconds.
  path: Assets/scenes/scene_cover.unity
  artifactKey: Guid(a31b9b6978620aa4283158fe0e29bd6f) Importer(815301076,1909f56bfc062723c751e8b465ee728b)
Start importing Assets/scenes/scene_cover.unity using Guid(a31b9b6978620aa4283158fe0e29bd6f) Importer(815301076,1909f56bfc062723c751e8b465ee728b)  -> (artifact id: 'ebada0d91f2688a58f0215ac66220d46') in 0.006413 seconds
  Import took 0.011324 seconds .

========================================================================
Received Import Request.
  Time since last request: 774.694302 seconds.
  path: Assets/scenes/scene00.unity
  artifactKey: Guid(cee1106e085bb4335aae0a5b061f4f3c) Importer(815301076,1909f56bfc062723c751e8b465ee728b)
Start importing Assets/scenes/scene00.unity using Guid(cee1106e085bb4335aae0a5b061f4f3c) Importer(815301076,1909f56bfc062723c751e8b465ee728b)  -> (artifact id: 'f508f2220bb48a036fa0df8b375de100') in 0.009009 seconds
  Import took 0.016489 seconds .

========================================================================
Received Import Request.
  Time since last request: 3.654831 seconds.
  path: Assets/scenes/scene_cover.unity
  artifactKey: Guid(a31b9b6978620aa4283158fe0e29bd6f) Importer(815301076,1909f56bfc062723c751e8b465ee728b)
Start importing Assets/scenes/scene_cover.unity using Guid(a31b9b6978620aa4283158fe0e29bd6f) Importer(815301076,1909f56bfc062723c751e8b465ee728b)  -> (artifact id: 'e7e95460402acca70c97a01024250a20') in 0.003216 seconds
  Import took 0.009533 seconds .

========================================================================
Received Import Request.
  Time since last request: 404.405029 seconds.
  path: Assets/scenes/scene_cover 1.unity
  artifactKey: Guid(44ca9396b6293c34ea9343b80789a966) Importer(815301076,1909f56bfc062723c751e8b465ee728b)
Start importing Assets/scenes/scene_cover 1.unity using Guid(44ca9396b6293c34ea9343b80789a966) Importer(815301076,1909f56bfc062723c751e8b465ee728b)  -> (artifact id: '53c278f177170953a5d12310a0435f36') in 0.007345 seconds
  Import took 0.013716 seconds .

========================================================================
Received Import Request.
  Time since last request: 6.267740 seconds.
  path: Assets/scenes/scene_cover2.unity
  artifactKey: Guid(44ca9396b6293c34ea9343b80789a966) Importer(815301076,1909f56bfc062723c751e8b465ee728b)
Start importing Assets/scenes/scene_cover2.unity using Guid(44ca9396b6293c34ea9343b80789a966) Importer(815301076,1909f56bfc062723c751e8b465ee728b)  -> (artifact id: 'bdf14662880fe9e85ba8af15c9489026') in 0.006699 seconds
  Import took 0.011719 seconds .

========================================================================
Received Prepare
Registering precompiled user dll's ...
Registered in 0.004681 seconds.
Begin MonoManager ReloadAssembly
Native extension for WindowsStandalone target not found
Native extension for WebGL target not found
Refreshing native plugins compatible for Editor in 0.67 ms, found 0 plugins.
Preloading 0 native plugins for Editor in 0.00 ms.
Mono: successfully reloaded assembly
- Completed reload, in  1.035 seconds
Platform modules already initialized, skipping
Shader 'Universal Render Pipeline/Particles/Lit': fallback shader 'Universal Render Pipeline/Particles/SimpleLit' not found
Refreshing native plugins compatible for Editor in 0.78 ms, found 0 plugins.
Preloading 0 native plugins for Editor in 0.00 ms.
Unloading 2619 Unused Serialized files (Serialized files now loaded: 0)
System memory in use before: 125.0 MB.
System memory in use after: 125.2 MB.

Unloading 75 unused Assets to reduce memory usage. Loaded Objects now: 3125.
Total: 3.587300 ms (FindLiveObjects: 0.481700 ms CreateObjectMapping: 0.181900 ms MarkObjects: 2.603200 ms  DeleteObjects: 0.318800 ms)

========================================================================
Received Prepare
Registering precompiled user dll's ...
Registered in 0.004871 seconds.
Begin MonoManager ReloadAssembly
Native extension for WindowsStandalone target not found
Native extension for WebGL target not found
Refreshing native plugins compatible for Editor in 0.63 ms, found 0 plugins.
Preloading 0 native plugins for Editor in 0.00 ms.
Mono: successfully reloaded assembly
- Completed reload, in  0.992 seconds
Platform modules already initialized, skipping
Shader 'Universal Render Pipeline/Particles/Lit': fallback shader 'Universal Render Pipeline/Particles/SimpleLit' not found
Refreshing native plugins compatible for Editor in 0.74 ms, found 0 plugins.
Preloading 0 native plugins for Editor in 0.00 ms.
Unloading 2619 Unused Serialized files (Serialized files now loaded: 0)
System memory in use before: 118.8 MB.
System memory in use after: 119.0 MB.

Unloading 25 unused Assets to reduce memory usage. Loaded Objects now: 3128.
Total: 3.342900 ms (FindLiveObjects: 0.363900 ms CreateObjectMapping: 0.243800 ms MarkObjects: 2.676600 ms  DeleteObjects: 0.056700 ms)

========================================================================
Received Prepare
Shader 'Universal Render Pipeline/Particles/Lit': fallback shader 'Universal Render Pipeline/Particles/SimpleLit' not found
Refreshing native plugins compatible for Editor in 9.24 ms, found 0 plugins.
Preloading 0 native plugins for Editor in 0.00 ms.
Unloading 23 Unused Serialized files (Serialized files now loaded: 0)
System memory in use before: 67.6 MB.
System memory in use after: 67.8 MB.

Unloading 23 unused Assets to reduce memory usage. Loaded Objects now: 3128.
Total: 3.325200 ms (FindLiveObjects: 0.378000 ms CreateObjectMapping: 0.271200 ms MarkObjects: 2.652200 ms  DeleteObjects: 0.022600 ms)

========================================================================
Received Prepare
Registering precompiled user dll's ...
Registered in 0.004378 seconds.
Begin MonoManager ReloadAssembly
Native extension for WindowsStandalone target not found
Native extension for WebGL target not found
Refreshing native plugins compatible for Editor in 0.68 ms, found 0 plugins.
Preloading 0 native plugins for Editor in 0.00 ms.
Mono: successfully reloaded assembly
- Completed reload, in  1.059 seconds
Platform modules already initialized, skipping
Shader 'Universal Render Pipeline/Particles/Lit': fallback shader 'Universal Render Pipeline/Particles/SimpleLit' not found
Refreshing native plugins compatible for Editor in 0.87 ms, found 0 plugins.
Preloading 0 native plugins for Editor in 0.00 ms.
Unloading 2619 Unused Serialized files (Serialized files now loaded: 0)
System memory in use before: 118.9 MB.
System memory in use after: 119.1 MB.

Unloading 25 unused Assets to reduce memory usage. Loaded Objects now: 3131.
Total: 2.708000 ms (FindLiveObjects: 0.250300 ms CreateObjectMapping: 0.107700 ms MarkObjects: 2.314000 ms  DeleteObjects: 0.034900 ms)

========================================================================
Received Prepare
Shader 'Universal Render Pipeline/Particles/Lit': fallback shader 'Universal Render Pipeline/Particles/SimpleLit' not found
Refreshing native plugins compatible for Editor in 9.01 ms, found 0 plugins.
Preloading 0 native plugins for Editor in 0.00 ms.
Unloading 23 Unused Serialized files (Serialized files now loaded: 0)
System memory in use before: 67.7 MB.
System memory in use after: 67.9 MB.

Unloading 23 unused Assets to reduce memory usage. Loaded Objects now: 3131.
Total: 2.743900 ms (FindLiveObjects: 0.332600 ms CreateObjectMapping: 0.260200 ms MarkObjects: 2.129600 ms  DeleteObjects: 0.019900 ms)

========================================================================
Received Import Request.
  Time since last request: 4655.076220 seconds.
  path: Assets/fonts/AppleMyungjo.ttf
  artifactKey: Guid(2525ab526ba9b4256955521aa29f1df2) Importer(815301076,1909f56bfc062723c751e8b465ee728b)
Start importing Assets/fonts/AppleMyungjo.ttf using Guid(2525ab526ba9b4256955521aa29f1df2) Importer(815301076,1909f56bfc062723c751e8b465ee728b)  -> (artifact id: '38e8e128492b1f63360fbbff73224a6c') in 0.192938 seconds
  Import took 0.200534 seconds .

========================================================================
Received Import Request.
  Time since last request: 0.000216 seconds.
  path: Assets/fonts/VCR_OSD_MONO_1.001.ttf
  artifactKey: Guid(90c02323e7ff849ab8c9d87bf96a48ea) Importer(815301076,1909f56bfc062723c751e8b465ee728b)
Start importing Assets/fonts/VCR_OSD_MONO_1.001.ttf using Guid(90c02323e7ff849ab8c9d87bf96a48ea) Importer(815301076,1909f56bfc062723c751e8b465ee728b)  -> (artifact id: 'af53c9dc1eb1ea0889e7aa800d5d5ed8') in 0.015574 seconds
  Import took 0.020181 seconds .

========================================================================
Received Import Request.
  Time since last request: 12.572189 seconds.
  path: Assets/fonts/Lora-Regular.ttf
  artifactKey: Guid(5304e393827301f4089a99f16d14a5a6) Importer(815301076,1909f56bfc062723c751e8b465ee728b)
Start importing Assets/fonts/Lora-Regular.ttf using Guid(5304e393827301f4089a99f16d14a5a6) Importer(815301076,1909f56bfc062723c751e8b465ee728b)  -> (artifact id: 'cad77181a7d197df2b178533c452cdb0') in 0.081986 seconds
  Import took 0.086988 seconds .

========================================================================
Received Import Request.
  Time since last request: 0.003909 seconds.
  path: Assets/fonts/Lora-Regular.ttf
  artifactKey: Guid(5304e393827301f4089a99f16d14a5a6) Importer(815301076,1909f56bfc062723c751e8b465ee728b)
Start importing Assets/fonts/Lora-Regular.ttf using Guid(5304e393827301f4089a99f16d14a5a6) Importer(815301076,1909f56bfc062723c751e8b465ee728b)  -> (artifact id: 'cad77181a7d197df2b178533c452cdb0') in 0.015531 seconds
  Import took 0.021256 seconds .

========================================================================
Received Import Request.
  Time since last request: 25.573390 seconds.
  path: Assets/fonts/TeX-Gyre-Schola/texgyreschola-bold.otf
  artifactKey: Guid(9a00e14f935a29d4c9844a29fd465156) Importer(815301076,1909f56bfc062723c751e8b465ee728b)
Start importing Assets/fonts/TeX-Gyre-Schola/texgyreschola-bold.otf using Guid(9a00e14f935a29d4c9844a29fd465156) Importer(815301076,1909f56bfc062723c751e8b465ee728b)  -> (artifact id: '3976d0c2891b7ae6b2e0b5068c351fab') in 0.017745 seconds
  Import took 0.023792 seconds .

========================================================================
Received Import Request.
  Time since last request: 0.000273 seconds.
  path: Assets/fonts/TeX-Gyre-Schola/texgyreschola-regular.otf
  artifactKey: Guid(396a968922c0dfb4ca0d2f7c7a8a3c78) Importer(815301076,1909f56bfc062723c751e8b465ee728b)
Start importing Assets/fonts/TeX-Gyre-Schola/texgyreschola-regular.otf using Guid(396a968922c0dfb4ca0d2f7c7a8a3c78) Importer(815301076,1909f56bfc062723c751e8b465ee728b)  -> (artifact id: 'b42427605cba975c4890b5cc8fefbc31') in 0.014280 seconds
  Import took 0.018986 seconds .

========================================================================
Received Import Request.
  Time since last request: 0.000258 seconds.
  path: Assets/fonts/TeX-Gyre-Schola/texgyreschola-bolditalic.otf
  artifactKey: Guid(c528d46440752934fb4288063086bcc2) Importer(815301076,1909f56bfc062723c751e8b465ee728b)
Start importing Assets/fonts/TeX-Gyre-Schola/texgyreschola-bolditalic.otf using Guid(c528d46440752934fb4288063086bcc2) Importer(815301076,1909f56bfc062723c751e8b465ee728b)  -> (artifact id: '9adab0727e8236f79761d0f34b3e18ee') in 0.087237 seconds
  Import took 0.094533 seconds .

========================================================================
Received Import Request.
  Time since last request: 0.000319 seconds.
  path: Assets/fonts/TeX-Gyre-Schola/texgyreschola-bold.otf
  artifactKey: Guid(9a00e14f935a29d4c9844a29fd465156) Importer(815301076,1909f56bfc062723c751e8b465ee728b)
Start importing Assets/fonts/TeX-Gyre-Schola/texgyreschola-bold.otf using Guid(9a00e14f935a29d4c9844a29fd465156) Importer(815301076,1909f56bfc062723c751e8b465ee728b)  -> (artifact id: '3976d0c2891b7ae6b2e0b5068c351fab') in 0.011894 seconds
  Import took 0.017295 seconds .

========================================================================
Received Import Request.
  Time since last request: 0.000287 seconds.
  path: Assets/fonts/Theano-Modern/TheanoModern-Regular.ttf
  artifactKey: Guid(27ebc7511b52e1e42b7ee9c37dceac18) Importer(815301076,1909f56bfc062723c751e8b465ee728b)
Start importing Assets/fonts/Theano-Modern/TheanoModern-Regular.ttf using Guid(27ebc7511b52e1e42b7ee9c37dceac18) Importer(815301076,1909f56bfc062723c751e8b465ee728b)  -> (artifact id: 'dc838830b3fd3d6ad8a6d146c3a7c39c') in 0.027081 seconds
  Import took 0.032230 seconds .

========================================================================
Received Import Request.
  Time since last request: 0.000193 seconds.
  path: Assets/fonts/TeX-Gyre-Schola/texgyreschola-italic.otf
  artifactKey: Guid(12e0cc1839e1968439feb8dc6cd7e555) Importer(815301076,1909f56bfc062723c751e8b465ee728b)
Start importing Assets/fonts/TeX-Gyre-Schola/texgyreschola-italic.otf using Guid(12e0cc1839e1968439feb8dc6cd7e555) Importer(815301076,1909f56bfc062723c751e8b465ee728b)  -> (artifact id: 'd3691c931c40a22295e6bedab8c1788b') in 0.037731 seconds
  Import took 0.042397 seconds .

========================================================================
Received Prepare
Registering precompiled user dll's ...
Registered in 0.004743 seconds.
Begin MonoManager ReloadAssembly
Native extension for WindowsStandalone target not found
Native extension for WebGL target not found
Refreshing native plugins compatible for Editor in 0.75 ms, found 0 plugins.
Preloading 0 native plugins for Editor in 0.00 ms.
Mono: successfully reloaded assembly
- Completed reload, in  1.087 seconds
Platform modules already initialized, skipping
Shader 'Universal Render Pipeline/Particles/Lit': fallback shader 'Universal Render Pipeline/Particles/SimpleLit' not found
Refreshing native plugins compatible for Editor in 0.91 ms, found 0 plugins.
Preloading 0 native plugins for Editor in 0.00 ms.
Unloading 2619 Unused Serialized files (Serialized files now loaded: 0)
System memory in use before: 119.4 MB.
System memory in use after: 119.7 MB.

Unloading 25 unused Assets to reduce memory usage. Loaded Objects now: 3180.
Total: 3.408400 ms (FindLiveObjects: 0.540700 ms CreateObjectMapping: 0.124200 ms MarkObjects: 2.717100 ms  DeleteObjects: 0.025100 ms)

========================================================================
Received Import Request.
  Time since last request: 173.439126 seconds.
  path: Assets/fonts/TeX-Gyre-Schola
  artifactKey: Guid(a29a51b8ba037014d93fc708796df351) Importer(815301076,1909f56bfc062723c751e8b465ee728b)
Start importing Assets/fonts/TeX-Gyre-Schola using Guid(a29a51b8ba037014d93fc708796df351) Importer(815301076,1909f56bfc062723c751e8b465ee728b)  -> (artifact id: 'add5da08c0007eddcaeb5169ea8b3ffc') in 0.012656 seconds
  Import took 0.018638 seconds .

========================================================================
Received Prepare
Registering precompiled user dll's ...
Registered in 0.004428 seconds.
Begin MonoManager ReloadAssembly
Native extension for WindowsStandalone target not found
Native extension for WebGL target not found
Refreshing native plugins compatible for Editor in 0.67 ms, found 0 plugins.
Preloading 0 native plugins for Editor in 0.00 ms.
Mono: successfully reloaded assembly
- Completed reload, in  1.025 seconds
Platform modules already initialized, skipping
Shader 'Universal Render Pipeline/Particles/Lit': fallback shader 'Universal Render Pipeline/Particles/SimpleLit' not found
Refreshing native plugins compatible for Editor in 0.66 ms, found 0 plugins.
Preloading 0 native plugins for Editor in 0.00 ms.
Unloading 2619 Unused Serialized files (Serialized files now loaded: 0)
System memory in use before: 119.4 MB.
System memory in use after: 119.7 MB.

Unloading 25 unused Assets to reduce memory usage. Loaded Objects now: 3183.
Total: 2.675300 ms (FindLiveObjects: 0.329800 ms CreateObjectMapping: 0.101600 ms MarkObjects: 2.193200 ms  DeleteObjects: 0.049600 ms)

========================================================================
Received Import Request.
  Time since last request: 26.102428 seconds.
  path: Assets/scripts/CubeManager.cs
  artifactKey: Guid(67ca8d0fc247242569f2ebfcbc1e865c) Importer(815301076,1909f56bfc062723c751e8b465ee728b)
Start importing Assets/scripts/CubeManager.cs using Guid(67ca8d0fc247242569f2ebfcbc1e865c) Importer(815301076,1909f56bfc062723c751e8b465ee728b)  -> (artifact id: 'd75aedd512953f43cc1f779e18b41c36') in 0.021446 seconds
  Import took 0.026309 seconds .

========================================================================
Received Import Request.
  Time since last request: 1.597828 seconds.
  path: Assets/scripts/UserInteraction.cs
  artifactKey: Guid(9028da8625076451983ad9b6fa5c894e) Importer(815301076,1909f56bfc062723c751e8b465ee728b)
Start importing Assets/scripts/UserInteraction.cs using Guid(9028da8625076451983ad9b6fa5c894e) Importer(815301076,1909f56bfc062723c751e8b465ee728b)  -> (artifact id: '9633e1015ccbc156dc8aaa3ef4cc5aa7') in 0.007117 seconds
  Import took 0.012492 seconds .

========================================================================
Received Import Request.
  Time since last request: 0.002391 seconds.
  path: Assets/scripts/UserInteraction.cs
  artifactKey: Guid(9028da8625076451983ad9b6fa5c894e) Importer(815301076,1909f56bfc062723c751e8b465ee728b)
Start importing Assets/scripts/UserInteraction.cs using Guid(9028da8625076451983ad9b6fa5c894e) Importer(815301076,1909f56bfc062723c751e8b465ee728b)  -> (artifact id: '9633e1015ccbc156dc8aaa3ef4cc5aa7') in 0.003062 seconds
  Import took 0.009056 seconds .

========================================================================
Received Import Request.
  Time since last request: 0.832625 seconds.
  path: Assets/scripts/InfoTextMain.cs
  artifactKey: Guid(fbf017f69e0ec4244970f9d818737545) Importer(815301076,1909f56bfc062723c751e8b465ee728b)
Start importing Assets/scripts/InfoTextMain.cs using Guid(fbf017f69e0ec4244970f9d818737545) Importer(815301076,1909f56bfc062723c751e8b465ee728b)  -> (artifact id: '288f52dc60093881e23cbbb8478f64f4') in 0.008710 seconds
  Import took 0.013329 seconds .

========================================================================
Received Import Request.
  Time since last request: 5.077196 seconds.
  path: Assets/scripts/DebugText.cs
  artifactKey: Guid(8b2de98576fb444ae8ac69c6727ff484) Importer(815301076,1909f56bfc062723c751e8b465ee728b)
Start importing Assets/scripts/DebugText.cs using Guid(8b2de98576fb444ae8ac69c6727ff484) Importer(815301076,1909f56bfc062723c751e8b465ee728b)  -> (artifact id: 'd57d5067b4dc813a341f956a0362b8a9') in 0.007042 seconds
  Import took 0.012264 seconds .

========================================================================
Received Import Request.
  Time since last request: 0.001357 seconds.
  path: Assets/scripts/DebugText.cs
  artifactKey: Guid(8b2de98576fb444ae8ac69c6727ff484) Importer(815301076,1909f56bfc062723c751e8b465ee728b)
Start importing Assets/scripts/DebugText.cs using Guid(8b2de98576fb444ae8ac69c6727ff484) Importer(815301076,1909f56bfc062723c751e8b465ee728b)  -> (artifact id: 'd57d5067b4dc813a341f956a0362b8a9') in 0.003637 seconds
  Import took 0.009348 seconds .

========================================================================
Received Import Request.
  Time since last request: 5.805836 seconds.
  path: Assets/scripts/CameraManager.cs
  artifactKey: Guid(a7e8f98a851044edebf5d52c0460c547) Importer(815301076,1909f56bfc062723c751e8b465ee728b)
Start importing Assets/scripts/CameraManager.cs using Guid(a7e8f98a851044edebf5d52c0460c547) Importer(815301076,1909f56bfc062723c751e8b465ee728b)  -> (artifact id: 'eb642a4693fed54780550434eb1aa55a') in 0.006823 seconds
  Import took 0.011552 seconds .

========================================================================
Received Import Request.
  Time since last request: 0.001627 seconds.
  path: Assets/scripts/CameraManager.cs
  artifactKey: Guid(a7e8f98a851044edebf5d52c0460c547) Importer(815301076,1909f56bfc062723c751e8b465ee728b)
Start importing Assets/scripts/CameraManager.cs using Guid(a7e8f98a851044edebf5d52c0460c547) Importer(815301076,1909f56bfc062723c751e8b465ee728b)  -> (artifact id: 'eb642a4693fed54780550434eb1aa55a') in 0.003030 seconds
  Import took 0.007717 seconds .

========================================================================
Received Import Request.
  Time since last request: 21.339246 seconds.
  path: Assets/BrightnessToggle.cs
  artifactKey: Guid(28cc4ce55657a494b8433de2ea763b9f) Importer(815301076,1909f56bfc062723c751e8b465ee728b)
Start importing Assets/BrightnessToggle.cs using Guid(28cc4ce55657a494b8433de2ea763b9f) Importer(815301076,1909f56bfc062723c751e8b465ee728b)  -> (artifact id: 'aa2ff5d693491b86eb64b88c283e2d5b') in 0.008274 seconds
  Import took 0.013853 seconds .

========================================================================
Received Prepare
Registering precompiled user dll's ...
Registered in 0.004484 seconds.
Begin MonoManager ReloadAssembly
Native extension for WindowsStandalone target not found
Native extension for WebGL target not found
Refreshing native plugins compatible for Editor in 0.78 ms, found 0 plugins.
Preloading 0 native plugins for Editor in 0.00 ms.
Mono: successfully reloaded assembly
- Completed reload, in  1.101 seconds
Platform modules already initialized, skipping
Shader 'Universal Render Pipeline/Particles/Lit': fallback shader 'Universal Render Pipeline/Particles/SimpleLit' not found
Refreshing native plugins compatible for Editor in 0.66 ms, found 0 plugins.
Preloading 0 native plugins for Editor in 0.00 ms.
Unloading 2619 Unused Serialized files (Serialized files now loaded: 0)
System memory in use before: 119.5 MB.
System memory in use after: 119.7 MB.

Unloading 25 unused Assets to reduce memory usage. Loaded Objects now: 3186.
Total: 4.034000 ms (FindLiveObjects: 0.484500 ms CreateObjectMapping: 0.153300 ms MarkObjects: 3.350400 ms  DeleteObjects: 0.044500 ms)

========================================================================
Received Prepare
Registering precompiled user dll's ...
Registered in 0.010100 seconds.
Begin MonoManager ReloadAssembly
Native extension for WindowsStandalone target not found
Native extension for WebGL target not found
Refreshing native plugins compatible for Editor in 1.00 ms, found 0 plugins.
Preloading 0 native plugins for Editor in 0.00 ms.
Mono: successfully reloaded assembly
- Completed reload, in  1.043 seconds
Platform modules already initialized, skipping
Shader 'Universal Render Pipeline/Particles/Lit': fallback shader 'Universal Render Pipeline/Particles/SimpleLit' not found
Refreshing native plugins compatible for Editor in 0.69 ms, found 0 plugins.
Preloading 0 native plugins for Editor in 0.00 ms.
Unloading 2619 Unused Serialized files (Serialized files now loaded: 0)
System memory in use before: 119.5 MB.
System memory in use after: 119.7 MB.

Unloading 25 unused Assets to reduce memory usage. Loaded Objects now: 3189.
Total: 2.475800 ms (FindLiveObjects: 0.279700 ms CreateObjectMapping: 0.104400 ms MarkObjects: 2.068900 ms  DeleteObjects: 0.021400 ms)

========================================================================
Received Import Request.
  Time since last request: 272.375936 seconds.
  path: Assets/scripts/BrightnessToggle.cs
  artifactKey: Guid(28cc4ce55657a494b8433de2ea763b9f) Importer(815301076,1909f56bfc062723c751e8b465ee728b)
Start importing Assets/scripts/BrightnessToggle.cs using Guid(28cc4ce55657a494b8433de2ea763b9f) Importer(815301076,1909f56bfc062723c751e8b465ee728b)  -> (artifact id: 'b165ffffce87b699abeb734ffa65b55e') in 0.007417 seconds
  Import took 0.012516 seconds .

========================================================================
Received Prepare
Registering precompiled user dll's ...
Registered in 0.004506 seconds.
Begin MonoManager ReloadAssembly
Native extension for WindowsStandalone target not found
Native extension for WebGL target not found
Refreshing native plugins compatible for Editor in 0.69 ms, found 0 plugins.
Preloading 0 native plugins for Editor in 0.00 ms.
Mono: successfully reloaded assembly
- Completed reload, in  1.010 seconds
Platform modules already initialized, skipping
Shader 'Universal Render Pipeline/Particles/Lit': fallback shader 'Universal Render Pipeline/Particles/SimpleLit' not found
Refreshing native plugins compatible for Editor in 0.65 ms, found 0 plugins.
Preloading 0 native plugins for Editor in 0.00 ms.
Unloading 2619 Unused Serialized files (Serialized files now loaded: 0)
System memory in use before: 119.8 MB.
System memory in use after: 120.0 MB.

Unloading 25 unused Assets to reduce memory usage. Loaded Objects now: 3192.
Total: 3.348000 ms (FindLiveObjects: 0.307000 ms CreateObjectMapping: 0.103700 ms MarkObjects: 2.896100 ms  DeleteObjects: 0.040000 ms)

========================================================================
Received Prepare
Registering precompiled user dll's ...
Registered in 0.004860 seconds.
Begin MonoManager ReloadAssembly
Native extension for WindowsStandalone target not found
Native extension for WebGL target not found
Refreshing native plugins compatible for Editor in 0.79 ms, found 0 plugins.
Preloading 0 native plugins for Editor in 0.00 ms.
Mono: successfully reloaded assembly
- Completed reload, in  1.216 seconds
Platform modules already initialized, skipping
Shader 'Universal Render Pipeline/Particles/Lit': fallback shader 'Universal Render Pipeline/Particles/SimpleLit' not found
Refreshing native plugins compatible for Editor in 1.00 ms, found 0 plugins.
Preloading 0 native plugins for Editor in 0.00 ms.
Unloading 2619 Unused Serialized files (Serialized files now loaded: 0)
System memory in use before: 119.9 MB.
System memory in use after: 120.1 MB.

Unloading 25 unused Assets to reduce memory usage. Loaded Objects now: 3195.
Total: 3.474100 ms (FindLiveObjects: 0.684800 ms CreateObjectMapping: 0.387500 ms MarkObjects: 2.373900 ms  DeleteObjects: 0.026400 ms)

========================================================================
Received Import Request.
  Time since last request: 391.267301 seconds.
  path: Assets/models/1946_vacuum_tube.blend
  artifactKey: Guid(d93b6d94d1236f0439405d26d14d042c) Importer(815301076,1909f56bfc062723c751e8b465ee728b)
Start importing Assets/models/1946_vacuum_tube.blend using Guid(d93b6d94d1236f0439405d26d14d042c) Importer(815301076,1909f56bfc062723c751e8b465ee728b)  -> (artifact id: 'dc141d2ba04079d5ab7eac0f67a6f1c0') in 0.047944 seconds
  Import took 0.053603 seconds .

========================================================================
Received Import Request.
  Time since last request: 0.009491 seconds.
  path: Assets/models/1946_vacuum_tube.blend
  artifactKey: Guid(d93b6d94d1236f0439405d26d14d042c) Importer(815301076,1909f56bfc062723c751e8b465ee728b)
Start importing Assets/models/1946_vacuum_tube.blend using Guid(d93b6d94d1236f0439405d26d14d042c) Importer(815301076,1909f56bfc062723c751e8b465ee728b)  -> (artifact id: 'dc141d2ba04079d5ab7eac0f67a6f1c0') in 0.005155 seconds
  Import took 0.010474 seconds .

========================================================================
Received Prepare
Registering precompiled user dll's ...
Registered in 0.004860 seconds.
Begin MonoManager ReloadAssembly
Native extension for WindowsStandalone target not found
Native extension for WebGL target not found
Refreshing native plugins compatible for Editor in 0.67 ms, found 0 plugins.
Preloading 0 native plugins for Editor in 0.00 ms.
Mono: successfully reloaded assembly
- Completed reload, in  1.000 seconds
Platform modules already initialized, skipping
Shader 'Universal Render Pipeline/Particles/Lit': fallback shader 'Universal Render Pipeline/Particles/SimpleLit' not found
Refreshing native plugins compatible for Editor in 0.65 ms, found 0 plugins.
Preloading 0 native plugins for Editor in 0.00 ms.
Unloading 2619 Unused Serialized files (Serialized files now loaded: 0)
System memory in use before: 120.0 MB.
System memory in use after: 120.2 MB.

Unloading 25 unused Assets to reduce memory usage. Loaded Objects now: 3198.
Total: 2.835400 ms (FindLiveObjects: 0.426900 ms CreateObjectMapping: 0.113600 ms MarkObjects: 2.270300 ms  DeleteObjects: 0.023100 ms)

========================================================================
Received Import Request.
  Time since last request: 132.131295 seconds.
  path: Assets/models/arch_b.blend
  artifactKey: Guid(5c88ed6134c3fd84388964aa47251764) Importer(815301076,1909f56bfc062723c751e8b465ee728b)
Start importing Assets/models/arch_b.blend using Guid(5c88ed6134c3fd84388964aa47251764) Importer(815301076,1909f56bfc062723c751e8b465ee728b)  -> (artifact id: '0cd313ad44615ba57a0ddf1c7ce2ea9c') in 0.037195 seconds
  Import took 0.042973 seconds .

========================================================================
Received Import Request.
  Time since last request: 0.000205 seconds.
  path: Assets/models/arch_b.fbx
  artifactKey: Guid(82db289cc296c6b4aa1073e49321dd10) Importer(815301076,1909f56bfc062723c751e8b465ee728b)
Start importing Assets/models/arch_b.fbx using Guid(82db289cc296c6b4aa1073e49321dd10) Importer(815301076,1909f56bfc062723c751e8b465ee728b)  -> (artifact id: 'd72e8caf56e93a7684d83f585e68fd5d') in 0.401726 seconds
  Import took 0.406185 seconds .

========================================================================
Received Prepare
Registering precompiled user dll's ...
Registered in 0.004515 seconds.
Begin MonoManager ReloadAssembly
Native extension for WindowsStandalone target not found
Native extension for WebGL target not found
Refreshing native plugins compatible for Editor in 0.69 ms, found 0 plugins.
Preloading 0 native plugins for Editor in 0.00 ms.
Mono: successfully reloaded assembly
- Completed reload, in  1.042 seconds
Platform modules already initialized, skipping
Shader 'Universal Render Pipeline/Particles/Lit': fallback shader 'Universal Render Pipeline/Particles/SimpleLit' not found
Refreshing native plugins compatible for Editor in 0.64 ms, found 0 plugins.
Preloading 0 native plugins for Editor in 0.00 ms.
Unloading 2619 Unused Serialized files (Serialized files now loaded: 0)
System memory in use before: 120.2 MB.
System memory in use after: 120.4 MB.

Unloading 25 unused Assets to reduce memory usage. Loaded Objects now: 3205.
Total: 2.836600 ms (FindLiveObjects: 0.438300 ms CreateObjectMapping: 0.193800 ms MarkObjects: 2.150200 ms  DeleteObjects: 0.052500 ms)

AssetImportWorkerClient::OnTransportError - code=2 error=End of file
